{"message":"Unauthorized request to path: /bookmark","level":"error"}
{"message":"Unauthorized request to path: /","level":"error"}
{"message":"Unauthorized request to path: /","level":"error"}
{"message":"Unauthorized request to path: /","level":"error"}
{"message":"Unauthorized request to path: /bookmarks","level":"error"}
{"message":"Title must be between 3 and 100 characters","level":"error"}
{"message":"Title must be between 3 and 100 characters","level":"error"}
{"message":"Title must be between 3 and 100 characters","level":"error"}
{"message":"Title must be between 3 and 100 characters","level":"error"}
{"message":"Title must be between 3 and 100 characters","level":"error"}
{"message":"Title must be between 3 and 100 characters","level":"error"}
{"message":"Title must be between 3 and 100 characters","level":"error"}
{"message":"Title must be between 3 and 100 characters","level":"error"}
{"message":"Title must be between 3 and 100 characters","level":"error"}
{"message":"Title must be between 3 and 100 characters","level":"error"}
{"message":"Title must be between 3 and 100 characters","level":"error"}
{"message":"Title must be between 3 and 100 characters","level":"error"}
{"message":"Title must be between 3 and 100 characters","level":"error"}
{"message":"Title must be between 3 and 100 characters","level":"error"}
{"message":"Title must be between 3 and 100 characters","level":"error"}
{"message":"Title must be between 3 and 100 characters","level":"error"}
{"message":"Title must be between 3 and 100 characters","level":"error"}
{"message":"Title must be between 3 and 100 characters","level":"error"}
{"message":"Title must be between 3 and 100 characters","level":"error"}
{"message":"Title must be between 3 and 100 characters","level":"error"}
{"message":"Title must be between 3 and 100 characters","level":"error"}
{"message":"Title must be between 3 and 100 characters","level":"error"}
{"message":"Title must be between 3 and 100 characters","level":"error"}
{"message":"Title must be between 3 and 100 characters","level":"error"}
{"message":"Title must be between 3 and 100 characters","level":"error"}
{"message":"Title must be between 3 and 100 characters","level":"error"}
{"message":"Title must be between 3 and 100 characters","level":"error"}
{"message":"Title must be between 3 and 100 characters","level":"error"}
{"message":"Title must be between 3 and 100 characters","level":"error"}
{"message":"Title must be between 3 and 100 characters","level":"error"}
{"message":"Title must be between 3 and 100 characters","level":"error"}
{"message":"Title must be between 3 and 100 characters","level":"error"}
{"message":"Title must be between 3 and 100 characters","level":"error"}
{"message":"Title must be between 3 and 100 characters","level":"error"}
{"message":"Title must be between 3 and 100 characters","level":"error"}
{"message":"Title must be between 3 and 100 characters","level":"error"}
{"message":"Title must be between 3 and 100 characters","level":"error"}
{"message":"Title must be between 3 and 100 characters","level":"error"}
{"message":"Title must be between 3 and 100 characters","level":"error"}
{"message":"Title must be between 3 and 100 characters","level":"error"}
{"message":"Title must be between 3 and 100 characters","level":"error"}
{"message":"Unauthorized request to path: /api/bookmarks","level":"error"}
{"message":"Unauthorized request to path: /api/bookmarks","level":"error"}
{"message":"Unauthorized request to path: /api/bookmarks","level":"error"}
{"message":"Unauthorized request to path: /api/bookmarks","level":"error"}
{"message":"Unauthorized request to path: /","level":"error"}
{"message":"Unauthorized request to path: /api/bookmarks/2","level":"error"}
{"message":"Unauthorized request to path: /api/bookmarks/2","level":"error"}
{"message":"Unauthorized request to path: /","level":"error"}
{"message":"Unauthorized request to path: /api/bookmarks","level":"error"}
{"message":"Unauthorized request to path: /api/bookmarks","level":"error"}
{"message":"Unauthorized request to path: /api/bookmarks","level":"error"}
{"message":"Unauthorized request to path: /api/bookmarks/2","level":"error"}
{"message":"Unauthorized request to path: /api/bookmarks/98765","level":"error"}
{"message":"Unauthorized request to path: /api/bookmarks/911","level":"error"}
{"message":"Unauthorized request to path: /api/bookmarks","level":"error"}
{"message":"Unauthorized request to path: /api/bookmarks","level":"error"}
{"message":"Unauthorized request to path: /api/bookmarks","level":"error"}
{"message":"Unauthorized request to path: /api/bookmarks","level":"error"}
{"message":"Unauthorized request to path: /api/bookmarks","level":"error"}
{"message":"Unauthorized request to path: /api/bookmarks","level":"error"}
{"message":"Unauthorized request to path: /api/bookmarks","level":"error"}
{"message":"Unauthorized request to path: /api/bookmarks","level":"error"}
{"message":"Unauthorized request to path: /api/bookmarks","level":"error"}
{"message":"Unauthorized request to path: /api/bookmarks/2","level":"error"}
{"message":"Unauthorized request to path: /api/bookmarks/123456","level":"error"}
{"message":"Unauthorized request to path: /api/bookmarks/123456","level":"error"}
{"message":"Unauthorized request to path: /api/bookmarks/2","level":"error"}
{"message":"Unauthorized request to path: /","level":"error"}
{"message":"Unauthorized request to path: /api/bookmarks","level":"error"}
{"message":"Unauthorized request to path: /api/bookmarks","level":"error"}
{"message":"Unauthorized request to path: /api/bookmarks/2","level":"error"}
{"message":"Unauthorized request to path: /api/bookmarks/98765","level":"error"}
{"message":"Unauthorized request to path: /api/bookmarks/911","level":"error"}
{"message":"Unauthorized request to path: /api/bookmarks","level":"error"}
{"message":"Unauthorized request to path: /api/bookmarks","level":"error"}
{"message":"Unauthorized request to path: /api/bookmarks","level":"error"}
{"message":"Unauthorized request to path: /api/bookmarks","level":"error"}
{"message":"Unauthorized request to path: /api/bookmarks","level":"error"}
{"message":"Unauthorized request to path: /api/bookmarks","level":"error"}
{"message":"Unauthorized request to path: /api/bookmarks","level":"error"}
{"message":"Unauthorized request to path: /api/bookmarks","level":"error"}
{"message":"Unauthorized request to path: /api/bookmarks","level":"error"}
{"message":"Unauthorized request to path: /api/bookmarks/2","level":"error"}
{"message":"Unauthorized request to path: /api/bookmarks/123456","level":"error"}
{"message":"Unauthorized request to path: /api/bookmarks/123456","level":"error"}
{"message":"Unauthorized request to path: /api/bookmarks/2","level":"error"}
{"message":"Unauthorized request to path: /","level":"error"}
{"message":"Unauthorized request to path: /api/bookmarks","level":"error"}
{"message":"Unauthorized request to path: /api/bookmarks","level":"error"}
{"message":"Unauthorized request to path: /api/bookmarks/2","level":"error"}
{"message":"Unauthorized request to path: /api/bookmarks/98765","level":"error"}
{"message":"Unauthorized request to path: /api/bookmarks/911","level":"error"}
{"message":"Unauthorized request to path: /api/bookmarks","level":"error"}
{"message":"Unauthorized request to path: /api/bookmarks","level":"error"}
{"message":"Unauthorized request to path: /api/bookmarks","level":"error"}
{"message":"Unauthorized request to path: /api/bookmarks","level":"error"}
{"message":"Unauthorized request to path: /api/bookmarks","level":"error"}
{"message":"Unauthorized request to path: /api/bookmarks","level":"error"}
{"message":"Unauthorized request to path: /api/bookmarks","level":"error"}
{"message":"Unauthorized request to path: /api/bookmarks","level":"error"}
{"message":"Unauthorized request to path: /api/bookmarks","level":"error"}
{"message":"Unauthorized request to path: /api/bookmarks/2","level":"error"}
{"message":"Unauthorized request to path: /api/bookmarks/123456","level":"error"}
{"message":"Unauthorized request to path: /api/bookmarks/123456","level":"error"}
{"message":"Unauthorized request to path: /api/bookmarks/2","level":"error"}
{"message":"Unauthorized request to path: /","level":"error"}
{"message":"Title must be between 3 and 100 characters","level":"error"}
{"message":"Title must be between 3 and 100 characters","level":"error"}
{"message":"Unauthorized request to path: /api/bookmarks","level":"error"}
